<?xml version="1.0" encoding="UTF-8"?>
<testsuite xmlns:xsi="http://www.w3.org/2001/XMLSchema-instance" xsi:noNamespaceSchemaLocation="https://maven.apache.org/surefire/maven-surefire-plugin/xsd/surefire-test-report.xsd" name="com.example.flights.service.GetAggregatedListTest" time="8.059" tests="1" errors="1" skipped="0" failures="0">
  <properties>
[...]
</properties>
  <testcase name="testListApi" classname="com.example.flights.service.GetAggregatedListTest" time="5.105">
    <error message="junit/framework/Assert" type="java.lang.NoClassDefFoundError">java.lang.NoClassDefFoundError: junit/framework/Assert
	at com.example.flights.service.GetAggregatedListTest.lambda$0(GetAggregatedListTest.java:31)
	at com.example.flights.service.GetAggregatedListTest.testListApi(GetAggregatedListTest.java:30)
Caused by: java.lang.ClassNotFoundException: junit.framework.Assert
	at com.example.flights.service.GetAggregatedListTest.lambda$0(GetAggregatedListTest.java:31)
	at com.example.flights.service.GetAggregatedListTest.testListApi(GetAggregatedListTest.java:30)
</error>
    <system-out><![CDATA[17:24:58.552 [main] DEBUG org.springframework.test.context.BootstrapUtils - Instantiating CacheAwareContextLoaderDelegate from class [org.springframework.test.context.cache.DefaultCacheAwareContextLoaderDelegate]
17:24:58.582 [main] DEBUG org.springframework.test.context.BootstrapUtils - Instantiating BootstrapContext using constructor [public org.springframework.test.context.support.DefaultBootstrapContext(java.lang.Class,org.springframework.test.context.CacheAwareContextLoaderDelegate)]
17:24:58.671 [main] DEBUG org.springframework.test.context.BootstrapUtils - Instantiating TestContextBootstrapper for test class [com.example.flights.service.GetAggregatedListTest] from class [org.springframework.boot.test.autoconfigure.web.reactive.WebFluxTestContextBootstrapper]
17:24:58.725 [main] INFO org.springframework.boot.test.autoconfigure.web.reactive.WebFluxTestContextBootstrapper - Neither @ContextConfiguration nor @ContextHierarchy found for test class [com.example.flights.service.GetAggregatedListTest], using SpringBootContextLoader
17:24:58.742 [main] DEBUG org.springframework.test.context.support.AbstractContextLoader - Did not detect default resource location for test class [com.example.flights.service.GetAggregatedListTest]: class path resource [com/example/flights/service/GetAggregatedListTest-context.xml] does not exist
17:24:58.743 [main] DEBUG org.springframework.test.context.support.AbstractContextLoader - Did not detect default resource location for test class [com.example.flights.service.GetAggregatedListTest]: class path resource [com/example/flights/service/GetAggregatedListTestContext.groovy] does not exist
17:24:58.745 [main] INFO org.springframework.test.context.support.AbstractContextLoader - Could not detect default resource locations for test class [com.example.flights.service.GetAggregatedListTest]: no resource found for suffixes {-context.xml, Context.groovy}.
17:24:58.746 [main] INFO org.springframework.test.context.support.AnnotationConfigContextLoaderUtils - Could not detect default configuration classes for test class [com.example.flights.service.GetAggregatedListTest]: GetAggregatedListTest does not declare any static, non-private, non-final, nested classes annotated with @Configuration.
17:24:58.922 [main] DEBUG org.springframework.test.context.support.ActiveProfilesUtils - Could not find an 'annotation declaring class' for annotation type [org.springframework.test.context.ActiveProfiles] and class [com.example.flights.service.GetAggregatedListTest]
17:24:59.077 [main] DEBUG org.springframework.context.annotation.ClassPathScanningCandidateComponentProvider - Identified candidate component class: file [/home/c713/Downloads/flights/target/classes/com/example/flights/FlightsApplication.class]
17:24:59.078 [main] INFO org.springframework.boot.test.context.SpringBootTestContextBootstrapper - Found @SpringBootConfiguration com.example.flights.FlightsApplication for test class com.example.flights.service.GetAggregatedListTest
17:24:59.083 [main] DEBUG org.springframework.boot.test.autoconfigure.web.reactive.WebFluxTestContextBootstrapper - @TestExecutionListeners is not present for class [com.example.flights.service.GetAggregatedListTest]: using defaults.
17:24:59.084 [main] INFO org.springframework.boot.test.autoconfigure.web.reactive.WebFluxTestContextBootstrapper - Loaded default TestExecutionListener class names from location [META-INF/spring.factories]: [org.springframework.boot.test.mock.mockito.MockitoTestExecutionListener, org.springframework.boot.test.mock.mockito.ResetMocksTestExecutionListener, org.springframework.boot.test.autoconfigure.restdocs.RestDocsTestExecutionListener, org.springframework.boot.test.autoconfigure.web.client.MockRestServiceServerResetTestExecutionListener, org.springframework.boot.test.autoconfigure.web.servlet.MockMvcPrintOnlyOnFailureTestExecutionListener, org.springframework.boot.test.autoconfigure.web.servlet.WebDriverTestExecutionListener, org.springframework.test.context.web.ServletTestExecutionListener, org.springframework.test.context.support.DirtiesContextBeforeModesTestExecutionListener, org.springframework.test.context.support.DependencyInjectionTestExecutionListener, org.springframework.test.context.support.DirtiesContextTestExecutionListener, org.springframework.test.context.transaction.TransactionalTestExecutionListener, org.springframework.test.context.jdbc.SqlScriptsTestExecutionListener, org.springframework.test.context.event.EventPublishingTestExecutionListener]
17:24:59.116 [main] DEBUG org.springframework.boot.test.autoconfigure.web.reactive.WebFluxTestContextBootstrapper - Skipping candidate TestExecutionListener [org.springframework.test.context.transaction.TransactionalTestExecutionListener] due to a missing dependency. Specify custom listener classes or make the default listener classes and their required dependencies available. Offending class: [org/springframework/transaction/TransactionDefinition]
17:24:59.117 [main] DEBUG org.springframework.boot.test.autoconfigure.web.reactive.WebFluxTestContextBootstrapper - Skipping candidate TestExecutionListener [org.springframework.test.context.jdbc.SqlScriptsTestExecutionListener] due to a missing dependency. Specify custom listener classes or make the default listener classes and their required dependencies available. Offending class: [org/springframework/transaction/interceptor/TransactionAttribute]
17:24:59.117 [main] INFO org.springframework.boot.test.autoconfigure.web.reactive.WebFluxTestContextBootstrapper - Using TestExecutionListeners: [org.springframework.test.context.web.ServletTestExecutionListener@1f59a598, org.springframework.test.context.support.DirtiesContextBeforeModesTestExecutionListener@1e178745, org.springframework.boot.test.mock.mockito.MockitoTestExecutionListener@192c3f1e, org.springframework.boot.test.autoconfigure.SpringBootDependencyInjectionTestExecutionListener@26b3fd41, org.springframework.test.context.support.DirtiesContextTestExecutionListener@7494f96a, org.springframework.test.context.event.EventPublishingTestExecutionListener@561b6512, org.springframework.boot.test.mock.mockito.ResetMocksTestExecutionListener@2e377400, org.springframework.boot.test.autoconfigure.restdocs.RestDocsTestExecutionListener@1757cd72, org.springframework.boot.test.autoconfigure.web.client.MockRestServiceServerResetTestExecutionListener@445b295b, org.springframework.boot.test.autoconfigure.web.servlet.MockMvcPrintOnlyOnFailureTestExecutionListener@49e5f737, org.springframework.boot.test.autoconfigure.web.servlet.WebDriverTestExecutionListener@5c671d7f]
17:24:59.122 [main] DEBUG org.springframework.test.context.support.AbstractDirtiesContextTestExecutionListener - Before test class: context [DefaultTestContext@58ea606c testClass = GetAggregatedListTest, testInstance = [null], testMethod = [null], testException = [null], mergedContextConfiguration = [ReactiveWebMergedContextConfiguration@6f45df59 testClass = GetAggregatedListTest, locations = '{}', classes = '{class com.example.flights.FlightsApplication}', contextInitializerClasses = '[]', activeProfiles = '{}', propertySourceLocations = '{}', propertySourceProperties = '{org.springframework.boot.test.autoconfigure.web.reactive.WebFluxTestContextBootstrapper=true}', contextCustomizers = set[[ImportsContextCustomizer@38e79ae3 key = [org.springframework.boot.autoconfigure.cache.CacheAutoConfiguration, org.springframework.boot.autoconfigure.gson.GsonAutoConfiguration, org.springframework.boot.autoconfigure.jackson.JacksonAutoConfiguration, org.springframework.boot.autoconfigure.jsonb.JsonbAutoConfiguration, org.springframework.boot.autoconfigure.context.MessageSourceAutoConfiguration, org.springframework.boot.autoconfigure.freemarker.FreeMarkerAutoConfiguration, org.springframework.boot.autoconfigure.http.codec.CodecsAutoConfiguration, org.springframework.boot.autoconfigure.mustache.MustacheAutoConfiguration, org.springframework.boot.autoconfigure.thymeleaf.ThymeleafAutoConfiguration, org.springframework.boot.autoconfigure.validation.ValidationAutoConfiguration, org.springframework.boot.autoconfigure.web.reactive.WebFluxAutoConfiguration, org.springframework.boot.autoconfigure.web.reactive.error.ErrorWebFluxAutoConfiguration, org.springframework.boot.autoconfigure.security.reactive.ReactiveSecurityAutoConfiguration, org.springframework.boot.autoconfigure.security.reactive.ReactiveUserDetailsServiceAutoConfiguration, org.springframework.boot.test.autoconfigure.web.reactive.WebTestClientAutoConfiguration]], org.springframework.boot.test.context.filter.ExcludeFilterContextCustomizer@5f058f00, org.springframework.boot.test.json.DuplicateJsonObjectContextCustomizerFactory$DuplicateJsonObjectContextCustomizer@1afd44cb, org.springframework.boot.test.mock.mockito.MockitoContextCustomizer@0, org.springframework.boot.test.autoconfigure.OverrideAutoConfigurationContextCustomizerFactory$DisableAutoConfigurationContextCustomizer@8dbdac1, org.springframework.boot.test.autoconfigure.filter.TypeExcludeFiltersContextCustomizer@a30d7d5a, org.springframework.boot.test.autoconfigure.properties.PropertyMappingContextCustomizer@84112582, org.springframework.boot.test.autoconfigure.web.servlet.WebDriverContextCustomizerFactory$Customizer@1d2adfbe], contextLoader = 'org.springframework.boot.test.context.SpringBootContextLoader', parent = [null]], attributes = map[[empty]]], class annotated with @DirtiesContext [false] with mode [null].
17:24:59.139 [main] DEBUG org.springframework.test.context.support.DependencyInjectionTestExecutionListener - Performing dependency injection for test context [[DefaultTestContext@58ea606c testClass = GetAggregatedListTest, testInstance = com.example.flights.service.GetAggregatedListTest@568ff82, testMethod = [null], testException = [null], mergedContextConfiguration = [ReactiveWebMergedContextConfiguration@6f45df59 testClass = GetAggregatedListTest, locations = '{}', classes = '{class com.example.flights.FlightsApplication}', contextInitializerClasses = '[]', activeProfiles = '{}', propertySourceLocations = '{}', propertySourceProperties = '{org.springframework.boot.test.autoconfigure.web.reactive.WebFluxTestContextBootstrapper=true}', contextCustomizers = set[[ImportsContextCustomizer@38e79ae3 key = [org.springframework.boot.autoconfigure.cache.CacheAutoConfiguration, org.springframework.boot.autoconfigure.gson.GsonAutoConfiguration, org.springframework.boot.autoconfigure.jackson.JacksonAutoConfiguration, org.springframework.boot.autoconfigure.jsonb.JsonbAutoConfiguration, org.springframework.boot.autoconfigure.context.MessageSourceAutoConfiguration, org.springframework.boot.autoconfigure.freemarker.FreeMarkerAutoConfiguration, org.springframework.boot.autoconfigure.http.codec.CodecsAutoConfiguration, org.springframework.boot.autoconfigure.mustache.MustacheAutoConfiguration, org.springframework.boot.autoconfigure.thymeleaf.ThymeleafAutoConfiguration, org.springframework.boot.autoconfigure.validation.ValidationAutoConfiguration, org.springframework.boot.autoconfigure.web.reactive.WebFluxAutoConfiguration, org.springframework.boot.autoconfigure.web.reactive.error.ErrorWebFluxAutoConfiguration, org.springframework.boot.autoconfigure.security.reactive.ReactiveSecurityAutoConfiguration, org.springframework.boot.autoconfigure.security.reactive.ReactiveUserDetailsServiceAutoConfiguration, org.springframework.boot.test.autoconfigure.web.reactive.WebTestClientAutoConfiguration]], org.springframework.boot.test.context.filter.ExcludeFilterContextCustomizer@5f058f00, org.springframework.boot.test.json.DuplicateJsonObjectContextCustomizerFactory$DuplicateJsonObjectContextCustomizer@1afd44cb, org.springframework.boot.test.mock.mockito.MockitoContextCustomizer@0, org.springframework.boot.test.autoconfigure.OverrideAutoConfigurationContextCustomizerFactory$DisableAutoConfigurationContextCustomizer@8dbdac1, org.springframework.boot.test.autoconfigure.filter.TypeExcludeFiltersContextCustomizer@a30d7d5a, org.springframework.boot.test.autoconfigure.properties.PropertyMappingContextCustomizer@84112582, org.springframework.boot.test.autoconfigure.web.servlet.WebDriverContextCustomizerFactory$Customizer@1d2adfbe], contextLoader = 'org.springframework.boot.test.context.SpringBootContextLoader', parent = [null]], attributes = map[[empty]]]].
17:24:59.293 [main] DEBUG org.springframework.test.context.support.TestPropertySourceUtils - Adding inlined properties to environment: {spring.jmx.enabled=false, org.springframework.boot.test.autoconfigure.web.reactive.WebFluxTestContextBootstrapper=true, server.port=-1}
LOGBACK: No context given for c.q.l.core.rolling.SizeAndTimeBasedRollingPolicy@527804008

  .   ____          _            __ _ _
 /\\ / ___'_ __ _ _(_)_ __  __ _ \ \ \ \
( ( )\___ | '_ | '_| | '_ \/ _` | \ \ \ \
 \\/  ___)| |_)| | | | | || (_| |  ) ) ) )
  '  |____| .__|_| |_|_| |_\__, | / / / /
 =========|_|==============|___/=/_/_/_/
 :: Spring Boot ::        (v2.2.4.RELEASE)

2020-02-07 17:24:59.714  INFO 19511 --- [           main] c.e.f.service.GetAggregatedListTest      : Starting GetAggregatedListTest on red with PID 19511 (started by c713 in /home/c713/Downloads/flights)
2020-02-07 17:24:59.719  INFO 19511 --- [           main] c.e.f.service.GetAggregatedListTest      : No active profile set, falling back to default profiles: default
2020-02-07 17:25:01.271  INFO 19511 --- [           main] c.e.f.service.GetAggregatedListTest      : Started GetAggregatedListTest in 1.97 seconds (JVM running for 3.694)
2020-02-07 17:25:01.599  INFO 19511 --- [     parallel-1] reactor.Mono.OnErrorResume.3             : onSubscribe(FluxOnErrorResume.ResumeSubscriber)
2020-02-07 17:25:01.601  INFO 19511 --- [     parallel-1] reactor.Mono.OnErrorResume.3             : request(unbounded)
2020-02-07 17:25:01.604  INFO 19511 --- [     parallel-2] reactor.Mono.FlatMap.1                   : | onSubscribe([Fuseable] MonoFlatMap.FlatMapMain)
2020-02-07 17:25:01.604  INFO 19511 --- [     parallel-2] reactor.Mono.FlatMap.1                   : | request(unbounded)
2020-02-07 17:25:01.997  INFO 19511 --- [     parallel-2] reactor.Mono.FlatMap.2                   : | onSubscribe([Fuseable] MonoFlatMap.FlatMapMain)
2020-02-07 17:25:01.997  INFO 19511 --- [     parallel-2] reactor.Mono.FlatMap.2                   : | request(unbounded)
2020-02-07 17:25:06.335  INFO 19511 --- [or-http-epoll-1] reactor.Mono.FlatMap.1                   : | onNext(com.example.flights.model.Cheap@700fff69)
2020-02-07 17:25:06.335  INFO 19511 --- [or-http-epoll-2] reactor.Mono.FlatMap.2                   : | onNext(com.example.flights.model.Business@2c4df65d)
2020-02-07 17:25:06.336  INFO 19511 --- [or-http-epoll-1] reactor.Mono.FlatMap.1                   : | onComplete()
2020-02-07 17:25:06.338  INFO 19511 --- [or-http-epoll-2] reactor.Mono.OnErrorResume.3             : onNext([Data [source=Cruz del Eje, destination=Antalya, departureTime=1558902656, arrivalTime=1558902656], Data [source=Cruz del Eje, destination=Tizi, departureTime=1558902656, arrivalTime=1558902656], Data [source=Greece, destination=Tizi, departureTime=1558902656, arrivalTime=1558902656], Data [source=Paris, destination=Tizi, departureTime=1558902656, arrivalTime=1558902656], Data [source=Cruz del Eje, destination=Tizi, departureTime=1558902656, arrivalTime=1558902656], Data [source=Tizi, destination=Cruz del Eje, departureTime=1558902656, arrivalTime=1558902656], Data [source=Antalya, destination=Istabul, departureTime=1558935605, arrivalTime=1558935605], Data [source=Antalya, destination=Istanbul, departureTime=1563678000, arrivalTime=1563588000], Data [source=Istanbul, destination=Antalya, departureTime=1563678000, arrivalTime=1563588000], Data [source=Ankara, destination=Antalya, departureTime=1564410656, arrivalTime=1561627856], Data [source=Antalya, destination=Venedik, departureTime=1572169220, arrivalTime=1572169220]])
2020-02-07 17:25:06.358  INFO 19511 --- [or-http-epoll-2] reactor.Mono.OnErrorResume.3             : onComplete()
2020-02-07 17:25:06.358  INFO 19511 --- [or-http-epoll-2] reactor.Mono.FlatMap.2                   : | onComplete()
]]></system-out>
  </testcase>
</testsuite>